<?xml version="1.0" encoding="UTF-8"?><testrun name="DAGTest" project="LowestCommonAncestor1" tests="10" started="10" failures="1" errors="0" ignored="0">
  <testsuite name="DAGTest" time="0.002">
    <testcase name="testEmptyGraph" classname="DAGTest" time="0.0"/>
    <testcase name="testfindLCAWIsAncestor" classname="DAGTest" time="0.001">
      <failure>java.lang.AssertionError: Checking LCA works where node2 is LCA in a graph with multiple parents for one Vertex expected:&lt;6&gt; but was:&lt;0&gt;&#13;
	at org.junit.Assert.fail(Assert.java:89)&#13;
	at org.junit.Assert.failNotEquals(Assert.java:835)&#13;
	at org.junit.Assert.assertEquals(Assert.java:647)&#13;
	at DAGTest.testfindLCAWIsAncestor(DAGTest.java:262)&#13;
	at java.base/jdk.internal.reflect.NativeMethodAccessorImpl.invoke0(Native Method)&#13;
	at java.base/jdk.internal.reflect.NativeMethodAccessorImpl.invoke(NativeMethodAccessorImpl.java:77)&#13;
	at java.base/jdk.internal.reflect.DelegatingMethodAccessorImpl.invoke(DelegatingMethodAccessorImpl.java:43)&#13;
	at java.base/java.lang.reflect.Method.invoke(Method.java:568)&#13;
	at org.junit.runners.model.FrameworkMethod$1.runReflectiveCall(FrameworkMethod.java:59)&#13;
	at org.junit.internal.runners.model.ReflectiveCallable.run(ReflectiveCallable.java:12)&#13;
	at org.junit.runners.model.FrameworkMethod.invokeExplosively(FrameworkMethod.java:56)&#13;
	at org.junit.internal.runners.statements.InvokeMethod.evaluate(InvokeMethod.java:17)&#13;
	at org.junit.runners.ParentRunner$3.evaluate(ParentRunner.java:306)&#13;
	at org.junit.runners.BlockJUnit4ClassRunner$1.evaluate(BlockJUnit4ClassRunner.java:100)&#13;
	at org.junit.runners.ParentRunner.runLeaf(ParentRunner.java:366)&#13;
	at org.junit.runners.BlockJUnit4ClassRunner.runChild(BlockJUnit4ClassRunner.java:103)&#13;
	at org.junit.runners.BlockJUnit4ClassRunner.runChild(BlockJUnit4ClassRunner.java:63)&#13;
	at org.junit.runners.ParentRunner$4.run(ParentRunner.java:331)&#13;
	at org.junit.runners.ParentRunner$1.schedule(ParentRunner.java:79)&#13;
	at org.junit.runners.ParentRunner.runChildren(ParentRunner.java:329)&#13;
	at org.junit.runners.ParentRunner.access$100(ParentRunner.java:66)&#13;
	at org.junit.runners.ParentRunner$2.evaluate(ParentRunner.java:293)&#13;
	at org.junit.runners.ParentRunner$3.evaluate(ParentRunner.java:306)&#13;
	at org.junit.runners.ParentRunner.run(ParentRunner.java:413)&#13;
	at org.eclipse.jdt.internal.junit4.runner.JUnit4TestReference.run(JUnit4TestReference.java:93)&#13;
	at org.eclipse.jdt.internal.junit.runner.TestExecution.run(TestExecution.java:40)&#13;
	at org.eclipse.jdt.internal.junit.runner.RemoteTestRunner.runTests(RemoteTestRunner.java:529)&#13;
	at org.eclipse.jdt.internal.junit.runner.RemoteTestRunner.runTests(RemoteTestRunner.java:756)&#13;
	at org.eclipse.jdt.internal.junit.runner.RemoteTestRunner.run(RemoteTestRunner.java:452)&#13;
	at org.eclipse.jdt.internal.junit.runner.RemoteTestRunner.main(RemoteTestRunner.java:210)&#13;
&#13;
</failure>
    </testcase>
    <testcase name="testNoLCA" classname="DAGTest" time="0.0"/>
    <testcase name="testfindLCASomeParent" classname="DAGTest" time="0.001"/>
    <testcase name="testfindLCAWNotAValidNode" classname="DAGTest" time="0.0"/>
    <testcase name="testfindLCAVIsAncestor" classname="DAGTest" time="0.0"/>
    <testcase name="testfindLCAVNotAValidNode" classname="DAGTest" time="0.0"/>
    <testcase name="testFindLCARootIsLCA" classname="DAGTest" time="0.0"/>
    <testcase name="testfindLCAVAndWEqual" classname="DAGTest" time="0.0"/>
    <testcase name="testSingleNodeGraph" classname="DAGTest" time="0.0"/>
  </testsuite>
</testrun>
